2026-04-20 01:13:25  INFO      Logging to logs/OE/model_training_2026-04-20.log
2026-04-20 01:13:25  INFO      ============================================================
2026-04-20 01:13:25  INFO      MODEL TRAINING — OE
2026-04-20 01:13:25  INFO        sequenced  = False
2026-04-20 01:13:25  INFO        trees      = 1200
2026-04-20 01:13:25  INFO        min_rows   = 500
2026-04-20 01:13:25  INFO        min_days   = 3
2026-04-20 01:13:25  INFO      ============================================================
2026-04-20 01:13:53  INFO      Logging to logs/OE/model_training_2026-04-20.log
2026-04-20 01:13:53  INFO      ============================================================
2026-04-20 01:13:53  INFO      MODEL TRAINING — OE
2026-04-20 01:13:53  INFO        sequenced  = False
2026-04-20 01:13:53  INFO        trees      = 1200
2026-04-20 01:13:53  INFO        min_rows   = 500
2026-04-20 01:13:53  INFO        min_days   = 3
2026-04-20 01:13:53  INFO      ============================================================
2026-04-20 01:13:53  INFO      WorkCodes found: ['10', '20', '30']
2026-04-20 01:13:53  INFO      
--------------------------------------------------
2026-04-20 01:13:53  INFO      WorkCode 10
2026-04-20 01:13:53  INFO        Encodings computed from 4,257 rows (WC 10, sequenced=False)
2026-04-20 01:13:53  INFO        Rows: 4,257
2026-04-20 01:13:53  INFO        Estimating worker effects ...
2026-04-20 01:13:53  INFO        Training (1200 trees) ...
2026-04-20 01:13:54  INFO        Done in 0.9s
2026-04-20 01:13:54  INFO        Model saved: deliverables/models_inc/OE/OE_WC10.json
2026-04-20 01:13:54  INFO        Workers: 16  |  Levels — L1: 4  L2: 3  L3: 3  L4: 3  L5: 3  |  Days seen: 7
2026-04-20 01:13:54  INFO      
--------------------------------------------------
2026-04-20 01:13:54  INFO      WorkCode 20
2026-04-20 01:13:54  INFO        Encodings computed from 18,886 rows (WC 20, sequenced=False)
2026-04-20 01:13:54  INFO        Rows: 18,886
2026-04-20 01:13:54  INFO        Estimating worker effects ...
2026-04-20 01:13:55  INFO        Training (1200 trees) ...
2026-04-20 01:13:57  INFO        Done in 1.5s
2026-04-20 01:13:57  INFO        Model saved: deliverables/models_inc/OE/OE_WC20.json
2026-04-20 01:13:57  INFO        Workers: 23  |  Levels — L1: 5  L2: 4  L3: 5  L4: 4  L5: 5  |  Days seen: 7
2026-04-20 01:13:57  INFO      
--------------------------------------------------
2026-04-20 01:13:57  INFO      WorkCode 30
2026-04-20 01:13:57  INFO        Encodings computed from 59,472 rows (WC 30, sequenced=False)
2026-04-20 01:13:57  INFO        Rows: 59,472
2026-04-20 01:13:57  INFO        Estimating worker effects ...
2026-04-20 01:13:58  INFO        Training (1200 trees) ...
2026-04-20 01:14:00  INFO        Done in 2.1s
2026-04-20 01:14:00  INFO        Model saved: deliverables/models_inc/OE/OE_WC30.json
2026-04-20 01:14:00  INFO        Workers: 37  |  Levels — L1: 8  L2: 7  L3: 7  L4: 7  L5: 8  |  Days seen: 7
2026-04-20 01:14:00  INFO      
meta.pkl saved: deliverables/models_inc/OE/meta.pkl
2026-04-20 01:14:00  INFO      
============================================================
2026-04-20 01:14:00  INFO      TRAINING COMPLETE — OE
2026-04-20 01:14:00  INFO      ============================================================
2026-04-20 01:14:00  INFO        WorkCodes trained:  ['10', '20', '30']
2026-04-20 01:14:00  INFO        sequenced:          False
2026-04-20 01:14:00  INFO        Trees per model:    1200
2026-04-20 01:14:00  INFO      ============================================================
2026-04-20 01:23:11  INFO      Logging to logs/OE/model_training_2026-04-20.log
2026-04-20 01:23:11  INFO      ============================================================
2026-04-20 01:23:11  INFO      MODEL TRAINING — OE
2026-04-20 01:23:11  INFO        sequenced  = False
2026-04-20 01:23:11  INFO        trees      = 1200
2026-04-20 01:23:11  INFO        min_rows   = 500
2026-04-20 01:23:11  INFO        min_days   = 3
2026-04-20 01:23:11  INFO      ============================================================
2026-04-20 01:23:11  INFO      WorkCodes found: ['10', '20', '30']
2026-04-20 01:23:11  INFO      
--------------------------------------------------
2026-04-20 01:23:11  INFO      WorkCode 10
2026-04-20 01:23:11  INFO        Encodings computed from 4,257 rows (WC 10, sequenced=False)
2026-04-20 01:23:11  INFO        Rows: 4,257
2026-04-20 01:23:11  INFO        Estimating worker effects ...
2026-04-20 01:23:11  INFO        CV tuning: 5-fold, metric=mae, candidates=8
2026-04-20 01:23:12  INFO          CV candidate 01: best_mae=65.7157, best_rounds=217, params={'learning_rate': 0.03, 'max_depth': 6, 'min_child_weight': 3, 'subsample': 0.8, 'colsample_bytree': 0.8, 'reg_alpha': 0.0, 'reg_lambda': 1.0}
2026-04-20 01:23:14  INFO          CV candidate 02: best_mae=65.5106, best_rounds=295, params={'learning_rate': 0.02, 'max_depth': 6, 'min_child_weight': 3, 'subsample': 0.8, 'colsample_bytree': 0.8, 'reg_alpha': 0.0, 'reg_lambda': 1.0}
2026-04-20 01:23:15  INFO          CV candidate 03: best_mae=65.7988, best_rounds=104, params={'learning_rate': 0.05, 'max_depth': 6, 'min_child_weight': 3, 'subsample': 0.8, 'colsample_bytree': 0.8, 'reg_alpha': 0.0, 'reg_lambda': 1.0}
2026-04-20 01:23:16  INFO          CV candidate 04: best_mae=65.9747, best_rounds=294, params={'learning_rate': 0.03, 'max_depth': 4, 'min_child_weight': 3, 'subsample': 0.9, 'colsample_bytree': 0.9, 'reg_alpha': 0.0, 'reg_lambda': 1.0}
2026-04-20 01:23:17  INFO          CV candidate 05: best_mae=65.5153, best_rounds=127, params={'learning_rate': 0.03, 'max_depth': 8, 'min_child_weight': 3, 'subsample': 0.8, 'colsample_bytree': 0.8, 'reg_alpha': 0.0, 'reg_lambda': 1.0}
2026-04-20 01:23:18  INFO          CV candidate 06: best_mae=65.7157, best_rounds=217, params={'learning_rate': 0.03, 'max_depth': 6, 'min_child_weight': 1, 'subsample': 0.8, 'colsample_bytree': 0.8, 'reg_alpha': 0.0, 'reg_lambda': 1.0}
2026-04-20 01:23:20  INFO          CV candidate 07: best_mae=65.7157, best_rounds=217, params={'learning_rate': 0.03, 'max_depth': 6, 'min_child_weight': 5, 'subsample': 0.8, 'colsample_bytree': 0.8, 'reg_alpha': 0.0, 'reg_lambda': 1.0}
2026-04-20 01:23:21  INFO          CV candidate 08: best_mae=65.7544, best_rounds=261, params={'learning_rate': 0.03, 'max_depth': 6, 'min_child_weight': 3, 'subsample': 0.8, 'colsample_bytree': 0.8, 'reg_alpha': 0.1, 'reg_lambda': 2.0}
2026-04-20 01:23:21  INFO        Training final model with CV params (rounds=295, cv_mae=65.5106) ...
2026-04-20 01:23:21  INFO        Done in 10.3s
2026-04-20 01:23:21  INFO        Model saved: deliverables/models_inc/OE/OE_WC10.json
2026-04-20 01:23:21  INFO        Workers: 16  |  Levels — L1: 4  L2: 3  L3: 3  L4: 3  L5: 3  |  Days seen: 7
2026-04-20 01:23:21  INFO      
--------------------------------------------------
2026-04-20 01:23:21  INFO      WorkCode 20
2026-04-20 01:23:21  INFO        Encodings computed from 18,886 rows (WC 20, sequenced=False)
2026-04-20 01:23:21  INFO        Rows: 18,886
2026-04-20 01:23:21  INFO        Estimating worker effects ...
2026-04-20 01:23:23  INFO        CV tuning: 5-fold, metric=mae, candidates=8
2026-04-20 01:23:25  INFO          CV candidate 01: best_mae=53.7119, best_rounds=205, params={'learning_rate': 0.03, 'max_depth': 6, 'min_child_weight': 3, 'subsample': 0.8, 'colsample_bytree': 0.8, 'reg_alpha': 0.0, 'reg_lambda': 1.0}
2026-04-20 01:23:27  INFO          CV candidate 02: best_mae=53.6712, best_rounds=302, params={'learning_rate': 0.02, 'max_depth': 6, 'min_child_weight': 3, 'subsample': 0.8, 'colsample_bytree': 0.8, 'reg_alpha': 0.0, 'reg_lambda': 1.0}
2026-04-20 01:23:28  INFO          CV candidate 03: best_mae=53.7291, best_rounds=113, params={'learning_rate': 0.05, 'max_depth': 6, 'min_child_weight': 3, 'subsample': 0.8, 'colsample_bytree': 0.8, 'reg_alpha': 0.0, 'reg_lambda': 1.0}
2026-04-20 01:23:30  INFO          CV candidate 04: best_mae=53.6942, best_rounds=491, params={'learning_rate': 0.03, 'max_depth': 4, 'min_child_weight': 3, 'subsample': 0.9, 'colsample_bytree': 0.9, 'reg_alpha': 0.0, 'reg_lambda': 1.0}
2026-04-20 01:23:31  INFO          CV candidate 05: best_mae=53.8608, best_rounds=83, params={'learning_rate': 0.03, 'max_depth': 8, 'min_child_weight': 3, 'subsample': 0.8, 'colsample_bytree': 0.8, 'reg_alpha': 0.0, 'reg_lambda': 1.0}
2026-04-20 01:23:32  INFO          CV candidate 06: best_mae=53.7119, best_rounds=205, params={'learning_rate': 0.03, 'max_depth': 6, 'min_child_weight': 1, 'subsample': 0.8, 'colsample_bytree': 0.8, 'reg_alpha': 0.0, 'reg_lambda': 1.0}
2026-04-20 01:23:34  INFO          CV candidate 07: best_mae=53.7119, best_rounds=205, params={'learning_rate': 0.03, 'max_depth': 6, 'min_child_weight': 5, 'subsample': 0.8, 'colsample_bytree': 0.8, 'reg_alpha': 0.0, 'reg_lambda': 1.0}
2026-04-20 01:23:35  INFO          CV candidate 08: best_mae=53.7187, best_rounds=205, params={'learning_rate': 0.03, 'max_depth': 6, 'min_child_weight': 3, 'subsample': 0.8, 'colsample_bytree': 0.8, 'reg_alpha': 0.1, 'reg_lambda': 2.0}
2026-04-20 01:23:35  INFO        Training final model with CV params (rounds=302, cv_mae=53.6712) ...
2026-04-20 01:23:35  INFO        Done in 12.7s
2026-04-20 01:23:35  INFO        Model saved: deliverables/models_inc/OE/OE_WC20.json
2026-04-20 01:23:35  INFO        Workers: 23  |  Levels — L1: 5  L2: 4  L3: 5  L4: 4  L5: 5  |  Days seen: 7
2026-04-20 01:23:35  INFO      
--------------------------------------------------
2026-04-20 01:23:35  INFO      WorkCode 30
2026-04-20 01:23:35  INFO        Encodings computed from 59,472 rows (WC 30, sequenced=False)
2026-04-20 01:23:36  INFO        Rows: 59,472
2026-04-20 01:23:36  INFO        Estimating worker effects ...
2026-04-20 01:23:36  INFO        CV tuning: 5-fold, metric=mae, candidates=8
2026-04-20 01:23:43  INFO          CV candidate 01: best_mae=33.4624, best_rounds=756, params={'learning_rate': 0.03, 'max_depth': 6, 'min_child_weight': 3, 'subsample': 0.8, 'colsample_bytree': 0.8, 'reg_alpha': 0.0, 'reg_lambda': 1.0}
2026-04-20 01:23:53  INFO          CV candidate 02: best_mae=33.4474, best_rounds=1190, params={'learning_rate': 0.02, 'max_depth': 6, 'min_child_weight': 3, 'subsample': 0.8, 'colsample_bytree': 0.8, 'reg_alpha': 0.0, 'reg_lambda': 1.0}
2026-04-20 01:23:58  INFO          CV candidate 03: best_mae=33.4745, best_rounds=475, params={'learning_rate': 0.05, 'max_depth': 6, 'min_child_weight': 3, 'subsample': 0.8, 'colsample_bytree': 0.8, 'reg_alpha': 0.0, 'reg_lambda': 1.0}
2026-04-20 01:24:06  INFO          CV candidate 04: best_mae=33.7488, best_rounds=1190, params={'learning_rate': 0.03, 'max_depth': 4, 'min_child_weight': 3, 'subsample': 0.9, 'colsample_bytree': 0.9, 'reg_alpha': 0.0, 'reg_lambda': 1.0}
2026-04-20 01:24:10  INFO          CV candidate 05: best_mae=33.4031, best_rounds=318, params={'learning_rate': 0.03, 'max_depth': 8, 'min_child_weight': 3, 'subsample': 0.8, 'colsample_bytree': 0.8, 'reg_alpha': 0.0, 'reg_lambda': 1.0}
2026-04-20 01:24:15  INFO          CV candidate 06: best_mae=33.4624, best_rounds=756, params={'learning_rate': 0.03, 'max_depth': 6, 'min_child_weight': 1, 'subsample': 0.8, 'colsample_bytree': 0.8, 'reg_alpha': 0.0, 'reg_lambda': 1.0}
2026-04-20 01:24:21  INFO          CV candidate 07: best_mae=33.4623, best_rounds=756, params={'learning_rate': 0.03, 'max_depth': 6, 'min_child_weight': 5, 'subsample': 0.8, 'colsample_bytree': 0.8, 'reg_alpha': 0.0, 'reg_lambda': 1.0}
2026-04-20 01:24:26  INFO          CV candidate 08: best_mae=33.4676, best_rounds=756, params={'learning_rate': 0.03, 'max_depth': 6, 'min_child_weight': 3, 'subsample': 0.8, 'colsample_bytree': 0.8, 'reg_alpha': 0.1, 'reg_lambda': 2.0}
2026-04-20 01:24:26  INFO        Training final model with CV params (rounds=318, cv_mae=33.4031) ...
2026-04-20 01:24:27  INFO        Done in 50.7s
2026-04-20 01:24:27  INFO        Model saved: deliverables/models_inc/OE/OE_WC30.json
2026-04-20 01:24:27  INFO        Workers: 37  |  Levels — L1: 8  L2: 7  L3: 7  L4: 7  L5: 8  |  Days seen: 7
2026-04-20 01:24:27  INFO      
meta.pkl saved: deliverables/models_inc/OE/meta.pkl
2026-04-20 01:24:27  INFO      
============================================================
2026-04-20 01:24:27  INFO      TRAINING COMPLETE — OE
2026-04-20 01:24:27  INFO      ============================================================
2026-04-20 01:24:27  INFO        WorkCodes trained:  ['10', '20', '30']
2026-04-20 01:24:27  INFO        sequenced:          False
2026-04-20 01:24:27  INFO        Trees per model:    1200
2026-04-20 01:24:27  INFO      ============================================================
