2026-04-29 22:11:44  INFO      Logging to logs/OE/preprocess_2026-04-29.log
2026-04-29 22:11:44  INFO      ============================================================
2026-04-29 22:11:44  INFO      PREPROCESS — OE
2026-04-29 22:11:44  INFO      ============================================================
2026-04-29 22:11:44  INFO      Loading Activity: deliverables/KT_demo/demo_data/training_data/OE/OE_Activity.csv
2026-04-29 22:11:44  INFO        Rows loaded: 84,341
2026-04-29 22:11:44  INFO      Computing time deltas ...
2026-04-29 22:11:44  INFO        84,301 rows with valid positive Time_Delta_sec (first pick per user dropped)
2026-04-29 22:11:44  INFO      Filtering time outliers ...
2026-04-29 22:11:44  INFO        Time filter:  84,301 rows in
2026-04-29 22:11:44  INFO          p98 cut (≤ 575.1s): removed 1,686 rows
2026-04-29 22:11:44  INFO          600s hard cap:          removed 0 rows
2026-04-29 22:11:44  INFO          Total dropped: 1,686 (2.0%)
2026-04-29 22:11:44  INFO          Rows retained: 82,615
2026-04-29 22:11:44  INFO      Loading Locations and Products ...
2026-04-29 22:11:44  INFO        Locations: 33,518 rows  |  Products: 57,670 rows
2026-04-29 22:11:44  INFO      Joining Locations and Products ...
2026-04-29 22:11:44  INFO      Checking for Distance matrix ...
2026-04-29 22:11:44  INFO        Distance matrix found (1,552,516 location pairs) — joining
2026-04-29 22:11:44  INFO      
Summary:
2026-04-29 22:11:44  INFO        Date range:    2025-09-08 → 2025-12-01  (85 days)
2026-04-29 22:11:44  INFO        Final rows:    82,615
2026-04-29 22:11:44  INFO        Workers:       40
2026-04-29 22:11:44  INFO        WorkCodes:     {'30': 59472, '20': 18885, '10': 4258}
2026-04-29 22:11:44  INFO        Total dropped: 1,726 (2.0%)
2026-04-29 22:11:44  INFO      
Saved: deliverables/KT_demo/demo_data/training_data/OE/OE_Processed.parquet
2026-04-29 22:11:44  INFO      ============================================================
2026-04-29 22:12:03  INFO      Logging to logs/OE/preprocess_2026-04-29.log
2026-04-29 22:12:03  INFO      ============================================================
2026-04-29 22:12:03  INFO      PREPROCESS — OE
2026-04-29 22:12:03  INFO      ============================================================
2026-04-29 22:12:03  INFO      Loading Activity: deliverables/KT_demo/demo_data/training_data/OE/OE_Activity.csv
2026-04-29 22:12:03  INFO        Rows loaded: 84,341
2026-04-29 22:12:03  INFO      Computing time deltas ...
2026-04-29 22:12:03  INFO        84,301 rows with valid positive Time_Delta_sec (first pick per user dropped)
2026-04-29 22:12:03  INFO      Filtering time outliers ...
2026-04-29 22:12:03  INFO        Time filter:  84,301 rows in
2026-04-29 22:12:03  INFO          p98 cut (≤ 575.1s): removed 1,686 rows
2026-04-29 22:12:03  INFO          600s hard cap:          removed 0 rows
2026-04-29 22:12:03  INFO          Total dropped: 1,686 (2.0%)
2026-04-29 22:12:03  INFO          Rows retained: 82,615
2026-04-29 22:12:03  INFO      Loading Locations and Products ...
2026-04-29 22:12:03  INFO        Locations: 33,518 rows  |  Products: 57,670 rows
2026-04-29 22:12:03  INFO      Joining Locations and Products ...
2026-04-29 22:12:03  INFO      Checking for Distance matrix ...
2026-04-29 22:12:03  INFO        Distance matrix found (1,552,516 location pairs) — joining
2026-04-29 22:12:03  INFO      
Summary:
2026-04-29 22:12:03  INFO        Date range:    2025-09-08 → 2025-12-01  (85 days)
2026-04-29 22:12:03  INFO        Final rows:    82,615
2026-04-29 22:12:03  INFO        Workers:       40
2026-04-29 22:12:03  INFO        WorkCodes:     {'30': 59472, '20': 18885, '10': 4258}
2026-04-29 22:12:03  INFO        Total dropped: 1,726 (2.0%)
2026-04-29 22:12:03  INFO      
Saved: deliverables/KT_demo/demo_data/training_data/OE/OE_Processed.parquet
2026-04-29 22:12:03  INFO      ============================================================
