2026-04-20 01:13:37  INFO      Logging to logs/OE/preprocess_2026-04-20.log
2026-04-20 01:13:37  INFO      ============================================================
2026-04-20 01:13:37  INFO      PREPROCESS — OE
2026-04-20 01:13:37  INFO      ============================================================
2026-04-20 01:13:37  INFO      Loading Activity: deliverables/training_data_inc/OE/OE_Activity.csv
2026-04-20 01:13:37  INFO        Rows loaded: 84,342
2026-04-20 01:13:37  INFO      Computing time deltas ...
2026-04-20 01:13:37  INFO        84,302 rows with valid positive Time_Delta_sec (first pick per user dropped)
2026-04-20 01:13:37  INFO      Filtering time outliers ...
2026-04-20 01:13:37  INFO        Time filter:  84,302 rows in
2026-04-20 01:13:37  INFO          p98 cut (≤ 575.1s): removed 1,687 rows
2026-04-20 01:13:37  INFO          600s hard cap:          removed 0 rows
2026-04-20 01:13:37  INFO          Total dropped: 1,687 (2.0%)
2026-04-20 01:13:37  INFO          Rows retained: 82,615
2026-04-20 01:13:37  INFO      Loading Locations and Products ...
2026-04-20 01:13:37  INFO        Locations: 33,518 rows  |  Products: 57,670 rows
2026-04-20 01:13:37  INFO      Joining Locations and Products ...
2026-04-20 01:13:37  INFO      Checking for Distance matrix ...
2026-04-20 01:13:37  INFO        Distance matrix found (1,552,516 location pairs) — joining
2026-04-20 01:13:37  INFO      
Summary:
2026-04-20 01:13:37  INFO        Date range:    2025-09-08 → 2025-12-01  (85 days)
2026-04-20 01:13:37  INFO        Final rows:    82,615
2026-04-20 01:13:37  INFO        Workers:       40
2026-04-20 01:13:37  INFO        WorkCodes:     {'30': 59472, '20': 18886, '10': 4257}
2026-04-20 01:13:37  INFO        Total dropped: 1,727 (2.0%)
2026-04-20 01:13:37  INFO      
Saved: deliverables/training_data_inc/OE/OE_Processed.parquet
2026-04-20 01:13:37  INFO      ============================================================
