2026-04-20 01:14:14  INFO      Logging to logs/OE/update_model_2026-04-20.log
2026-04-20 01:14:14  INFO      ============================================================
2026-04-20 01:14:14  INFO      UPDATE MODEL — OE  (2026-04-20)
2026-04-20 01:14:14  INFO        new_data   = deliverables/training_data/OE/OE_activity_lastday.csv
2026-04-20 01:14:14  INFO        trees/run  = 150  |  adaptive lr by m/n ratio
2026-04-20 01:14:14  INFO        alert_pct  = 20%
2026-04-20 01:14:14  INFO        sequenced  = False
2026-04-20 01:14:14  INFO      ============================================================
2026-04-20 01:14:14  INFO      
--------------------------------------------------
2026-04-20 01:14:14  INFO      WorkCode 10
2026-04-20 01:14:14  WARNING     Error loading data for WC 10: [Errno 2] No such file or directory: 'deliverables/training_data/OE/OE_activity_lastday.csv' — skipping
2026-04-20 01:14:14  INFO      
--------------------------------------------------
2026-04-20 01:14:14  INFO      WorkCode 20
2026-04-20 01:14:14  WARNING     Error loading data for WC 20: [Errno 2] No such file or directory: 'deliverables/training_data/OE/OE_activity_lastday.csv' — skipping
2026-04-20 01:14:14  INFO      
--------------------------------------------------
2026-04-20 01:14:14  INFO      WorkCode 30
2026-04-20 01:14:14  WARNING     Error loading data for WC 30: [Errno 2] No such file or directory: 'deliverables/training_data/OE/OE_activity_lastday.csv' — skipping
2026-04-20 01:14:14  INFO      
============================================================
2026-04-20 01:14:14  INFO      UPDATE COMPLETE — OE  (2026-04-20)
2026-04-20 01:14:14  INFO      ============================================================
2026-04-20 01:14:14  INFO        WorkCodes updated:  []
2026-04-20 01:14:14  INFO        WorkCodes skipped:  ['10', '20', '30']
2026-04-20 01:14:14  INFO        New workers added:  0
2026-04-20 01:14:14  INFO        Trees added/WC:     150  (adaptive lr by m/n)
2026-04-20 01:14:14  INFO      ============================================================
2026-04-20 01:15:25  INFO      Logging to logs/OE/update_model_2026-04-20.log
2026-04-20 01:15:25  INFO      ============================================================
2026-04-20 01:15:25  INFO      UPDATE MODEL — OE  (2026-04-20)
2026-04-20 01:15:25  INFO        new_data   = deliverables/training_data/OE/OE_activity_lastday.csv
2026-04-20 01:15:25  INFO        trees/run  = 150  |  adaptive lr by m/n ratio
2026-04-20 01:15:25  INFO        alert_pct  = 20%
2026-04-20 01:15:25  INFO        sequenced  = False
2026-04-20 01:15:25  INFO      ============================================================
2026-04-20 01:15:25  INFO      
--------------------------------------------------
2026-04-20 01:15:25  INFO      WorkCode 10
2026-04-20 01:15:25  INFO       [OE WC10 new data] Time filter: 10,863 → 10,645 rows kept (p98 cut: -218, 600s cap: -0, total dropped: 218 = 2.0%)
2026-04-20 01:15:25  INFO        New rows: 560
2026-04-20 01:15:25  INFO        Days seen so far (n): 7  |  new batch days (m): 1  |  m/n=0.143  |  update lr: 0.008
2026-04-20 01:15:25  INFO        New workers: ['90'] — estimating effects
2026-04-20 01:15:25  WARNING   Fewer than 2 unique workers — returning zero effects.
2026-04-20 01:15:25  INFO        MAE before: 74.898s  |  Trees: 1200
2026-04-20 01:15:25  INFO        MAE after:  62.044s ↓  |  Trees: 1200 → 1350 (+150)
2026-04-20 01:15:25  INFO        Baseline MAE set: 74.898s (first update run)
2026-04-20 01:15:25  INFO        Trend: 2026-04-20 62.044s
2026-04-20 01:15:25  INFO        Days seen after update: 8
2026-04-20 01:15:25  INFO      
--------------------------------------------------
2026-04-20 01:15:25  INFO      WorkCode 20
2026-04-20 01:15:25  INFO       [OE WC20 new data] Time filter: 10,863 → 10,645 rows kept (p98 cut: -218, 600s cap: -0, total dropped: 218 = 2.0%)
2026-04-20 01:15:25  INFO        New rows: 3,120
2026-04-20 01:15:25  INFO        Days seen so far (n): 7  |  new batch days (m): 1  |  m/n=0.143  |  update lr: 0.008
2026-04-20 01:15:25  INFO        All 14 workers seen in training
2026-04-20 01:15:26  INFO        MAE before: 55.332s  |  Trees: 1200
2026-04-20 01:15:26  INFO        MAE after:  52.413s ↓  |  Trees: 1200 → 1350 (+150)
2026-04-20 01:15:26  INFO        Baseline MAE set: 55.332s (first update run)
2026-04-20 01:15:26  INFO        Trend: 2026-04-20 52.413s
2026-04-20 01:15:26  INFO        Days seen after update: 8
2026-04-20 01:15:26  INFO      
--------------------------------------------------
2026-04-20 01:15:26  INFO      WorkCode 30
2026-04-20 01:15:26  INFO       [OE WC30 new data] Time filter: 10,863 → 10,645 rows kept (p98 cut: -218, 600s cap: -0, total dropped: 218 = 2.0%)
2026-04-20 01:15:26  INFO        New rows: 6,965
2026-04-20 01:15:26  INFO        Days seen so far (n): 7  |  new batch days (m): 1  |  m/n=0.143  |  update lr: 0.008
2026-04-20 01:15:26  INFO        All 28 workers seen in training
2026-04-20 01:15:26  INFO        MAE before: 33.069s  |  Trees: 1200
2026-04-20 01:15:27  INFO        MAE after:  30.999s ↓  |  Trees: 1200 → 1350 (+150)
2026-04-20 01:15:27  INFO        Baseline MAE set: 33.069s (first update run)
2026-04-20 01:15:27  INFO        Trend: 2026-04-20 30.999s
2026-04-20 01:15:27  INFO        Days seen after update: 8
2026-04-20 01:15:27  INFO      
============================================================
2026-04-20 01:15:27  INFO      UPDATE COMPLETE — OE  (2026-04-20)
2026-04-20 01:15:27  INFO      ============================================================
2026-04-20 01:15:27  INFO        WorkCodes updated:  ['10', '20', '30']
2026-04-20 01:15:27  INFO        New workers added:  1
2026-04-20 01:15:27  INFO        Trees added/WC:     150  (adaptive lr by m/n)
2026-04-20 01:15:27  INFO      ============================================================
2026-04-20 01:26:13  INFO      Logging to logs/OE/update_model_2026-04-20.log
2026-04-20 01:26:13  INFO      ============================================================
2026-04-20 01:26:13  INFO      UPDATE MODEL — OE  (2026-04-20)
2026-04-20 01:26:13  INFO        new_data   = deliverables/training_data/OE/OE_activity_lastday.csv
2026-04-20 01:26:13  INFO        trees/run  = 150  |  adaptive lr by m/n ratio
2026-04-20 01:26:13  INFO        alert_pct  = 20%
2026-04-20 01:26:13  INFO        sequenced  = False
2026-04-20 01:26:13  INFO      ============================================================
2026-04-20 01:26:13  INFO      
--------------------------------------------------
2026-04-20 01:26:13  INFO      WorkCode 10
2026-04-20 01:26:14  INFO       [OE WC10 new data] Time filter: 10,863 → 10,645 rows kept (p98 cut: -218, 600s cap: -0, total dropped: 218 = 2.0%)
2026-04-20 01:26:14  INFO        New rows: 560
2026-04-20 01:26:14  INFO        Days seen so far (n): 7  |  new batch days (m): 1  |  m/n=0.143  |  update lr: 0.008
2026-04-20 01:26:14  INFO        New workers: ['90'] — estimating effects
2026-04-20 01:26:14  WARNING   Fewer than 2 unique workers — returning zero effects.
2026-04-20 01:26:14  INFO        MAE before: 73.775s  |  Trees: 295
2026-04-20 01:26:14  INFO        Using CV-tuned params from meta.pkl
2026-04-20 01:26:14  INFO        MAE after:  59.747s ↓  |  Trees: 295 → 445 (+150)
2026-04-20 01:26:14  INFO        Baseline MAE set: 73.775s (first update run)
2026-04-20 01:26:14  INFO        Trend: 2026-04-20 59.747s
2026-04-20 01:26:14  INFO        Days seen after update: 8
2026-04-20 01:26:14  INFO      
--------------------------------------------------
2026-04-20 01:26:14  INFO      WorkCode 20
2026-04-20 01:26:14  INFO       [OE WC20 new data] Time filter: 10,863 → 10,645 rows kept (p98 cut: -218, 600s cap: -0, total dropped: 218 = 2.0%)
2026-04-20 01:26:14  INFO        New rows: 3,120
2026-04-20 01:26:14  INFO        Days seen so far (n): 7  |  new batch days (m): 1  |  m/n=0.143  |  update lr: 0.008
2026-04-20 01:26:14  INFO        All 14 workers seen in training
2026-04-20 01:26:14  INFO        MAE before: 54.822s  |  Trees: 302
2026-04-20 01:26:14  INFO        Using CV-tuned params from meta.pkl
2026-04-20 01:26:14  INFO        MAE after:  51.914s ↓  |  Trees: 302 → 452 (+150)
2026-04-20 01:26:14  INFO        Baseline MAE set: 54.822s (first update run)
2026-04-20 01:26:14  INFO        Trend: 2026-04-20 51.914s
2026-04-20 01:26:14  INFO        Days seen after update: 8
2026-04-20 01:26:14  INFO      
--------------------------------------------------
2026-04-20 01:26:14  INFO      WorkCode 30
2026-04-20 01:26:14  INFO       [OE WC30 new data] Time filter: 10,863 → 10,645 rows kept (p98 cut: -218, 600s cap: -0, total dropped: 218 = 2.0%)
2026-04-20 01:26:14  INFO        New rows: 6,965
2026-04-20 01:26:14  INFO        Days seen so far (n): 7  |  new batch days (m): 1  |  m/n=0.143  |  update lr: 0.008
2026-04-20 01:26:14  INFO        All 28 workers seen in training
2026-04-20 01:26:15  INFO        MAE before: 33.055s  |  Trees: 318
2026-04-20 01:26:15  INFO        Using CV-tuned params from meta.pkl
2026-04-20 01:26:15  INFO        MAE after:  30.004s ↓  |  Trees: 318 → 468 (+150)
2026-04-20 01:26:15  INFO        Baseline MAE set: 33.055s (first update run)
2026-04-20 01:26:15  INFO        Trend: 2026-04-20 30.004s
2026-04-20 01:26:15  INFO        Days seen after update: 8
2026-04-20 01:26:15  INFO      
============================================================
2026-04-20 01:26:15  INFO      UPDATE COMPLETE — OE  (2026-04-20)
2026-04-20 01:26:15  INFO      ============================================================
2026-04-20 01:26:15  INFO        WorkCodes updated:  ['10', '20', '30']
2026-04-20 01:26:15  INFO        New workers added:  1
2026-04-20 01:26:15  INFO        Trees added/WC:     150  (adaptive lr by m/n)
2026-04-20 01:26:15  INFO      ============================================================
