2026-04-20 03:32:00  INFO      Logging to logs/OE/model_training_2026-04-20.log
2026-04-20 03:32:00  INFO      ============================================================
2026-04-20 03:32:00  INFO      MODEL TRAINING — OE
2026-04-20 03:32:00  INFO        sequenced  = False
2026-04-20 03:32:00  INFO        trees      = 1200
2026-04-20 03:32:00  INFO        min_rows   = 500
2026-04-20 03:32:00  INFO        min_days   = 3
2026-04-20 03:32:00  INFO        cv_tuning  = False
2026-04-20 03:32:00  INFO      ============================================================
2026-04-20 03:32:00  INFO      WorkCodes found: ['30']
2026-04-20 03:32:00  INFO      
--------------------------------------------------
2026-04-20 03:32:00  INFO      WorkCode 30
2026-04-20 03:32:00  INFO        Encodings computed from 9,637 rows (WC 30, sequenced=False)
2026-04-20 03:32:00  WARNING     Only 1 unique day(s) — below min_days=3. Continuing training, but performance may be unstable. Recommended: 3+ days.
2026-04-20 03:32:00  INFO        Rows: 9,637
2026-04-20 03:32:00  INFO        Estimating worker effects ...
2026-04-20 03:32:00  INFO        1 worker(s) with < 10 picks assigned effect = 0.0
2026-04-20 03:32:00  INFO        CV disabled — training with baseline params (rounds=1200).
2026-04-20 03:32:02  INFO        Done in 1.2s
2026-04-20 03:32:02  INFO        Model saved: /Users/jiashenwang/Desktop/Lucas_Systems_Capstone_Project/Model_Jiashen/incremental_eval_artifacts_wc30/n_0001/models/OE/OE_WC30.json
2026-04-20 03:32:02  INFO        Workers: 25  |  Levels — L1: 5  L2: 5  L3: 5  L4: 5  L5: 5  |  Days seen: 1
2026-04-20 03:32:02  INFO      
meta.pkl saved: /Users/jiashenwang/Desktop/Lucas_Systems_Capstone_Project/Model_Jiashen/incremental_eval_artifacts_wc30/n_0001/models/OE/meta.pkl
2026-04-20 03:32:02  INFO      
============================================================
2026-04-20 03:32:02  INFO      TRAINING COMPLETE — OE
2026-04-20 03:32:02  INFO      ============================================================
2026-04-20 03:32:02  INFO        WorkCodes trained:  ['30']
2026-04-20 03:32:02  INFO        sequenced:          False
2026-04-20 03:32:02  INFO        Trees per model:    1200
2026-04-20 03:32:02  INFO      ============================================================
2026-04-20 03:32:06  INFO      Logging to logs/OE/model_training_2026-04-20.log
2026-04-20 03:32:06  INFO      ============================================================
2026-04-20 03:32:06  INFO      MODEL TRAINING — OE
2026-04-20 03:32:06  INFO        sequenced  = False
2026-04-20 03:32:06  INFO        trees      = 1200
2026-04-20 03:32:06  INFO        min_rows   = 500
2026-04-20 03:32:06  INFO        min_days   = 3
2026-04-20 03:32:06  INFO        cv_tuning  = False
2026-04-20 03:32:06  INFO      ============================================================
2026-04-20 03:32:06  INFO      WorkCodes found: ['30']
2026-04-20 03:32:06  INFO      
--------------------------------------------------
2026-04-20 03:32:06  INFO      WorkCode 30
2026-04-20 03:32:06  INFO        Encodings computed from 15,753 rows (WC 30, sequenced=False)
2026-04-20 03:32:06  WARNING     Only 2 unique day(s) — below min_days=3. Continuing training, but performance may be unstable. Recommended: 3+ days.
2026-04-20 03:32:06  INFO        Rows: 15,753
2026-04-20 03:32:06  INFO        Estimating worker effects ...
2026-04-20 03:32:06  INFO        2 worker(s) with < 10 picks assigned effect = 0.0
2026-04-20 03:32:06  INFO        CV disabled — training with baseline params (rounds=1200).
2026-04-20 03:32:08  INFO        Done in 1.7s
2026-04-20 03:32:08  INFO        Model saved: /Users/jiashenwang/Desktop/Lucas_Systems_Capstone_Project/Model_Jiashen/incremental_eval_artifacts_wc30/n_0002/models/OE/OE_WC30.json
2026-04-20 03:32:08  INFO        Workers: 31  |  Levels — L1: 7  L2: 7  L3: 5  L4: 6  L5: 6  |  Days seen: 2
2026-04-20 03:32:08  INFO      
meta.pkl saved: /Users/jiashenwang/Desktop/Lucas_Systems_Capstone_Project/Model_Jiashen/incremental_eval_artifacts_wc30/n_0002/models/OE/meta.pkl
2026-04-20 03:32:08  INFO      
============================================================
2026-04-20 03:32:08  INFO      TRAINING COMPLETE — OE
2026-04-20 03:32:08  INFO      ============================================================
2026-04-20 03:32:08  INFO        WorkCodes trained:  ['30']
2026-04-20 03:32:08  INFO        sequenced:          False
2026-04-20 03:32:08  INFO        Trees per model:    1200
2026-04-20 03:32:08  INFO      ============================================================
2026-04-20 03:32:12  INFO      Logging to logs/OE/model_training_2026-04-20.log
2026-04-20 03:32:12  INFO      ============================================================
2026-04-20 03:32:12  INFO      MODEL TRAINING — OE
2026-04-20 03:32:12  INFO        sequenced  = False
2026-04-20 03:32:12  INFO        trees      = 1200
2026-04-20 03:32:12  INFO        min_rows   = 500
2026-04-20 03:32:12  INFO        min_days   = 3
2026-04-20 03:32:12  INFO        cv_tuning  = False
2026-04-20 03:32:12  INFO      ============================================================
2026-04-20 03:32:12  INFO      WorkCodes found: ['30']
2026-04-20 03:32:12  INFO      
--------------------------------------------------
2026-04-20 03:32:12  INFO      WorkCode 30
2026-04-20 03:32:12  INFO        Encodings computed from 25,936 rows (WC 30, sequenced=False)
2026-04-20 03:32:12  INFO        Rows: 25,936
2026-04-20 03:32:12  INFO        Estimating worker effects ...
2026-04-20 03:32:13  INFO        3 worker(s) with < 10 picks assigned effect = 0.0
2026-04-20 03:32:13  INFO        CV disabled — training with baseline params (rounds=1200).
2026-04-20 03:32:14  INFO        Done in 1.6s
2026-04-20 03:32:14  INFO        Model saved: /Users/jiashenwang/Desktop/Lucas_Systems_Capstone_Project/Model_Jiashen/incremental_eval_artifacts_wc30/n_0003/models/OE/OE_WC30.json
2026-04-20 03:32:14  INFO        Workers: 33  |  Levels — L1: 7  L2: 8  L3: 5  L4: 6  L5: 7  |  Days seen: 3
2026-04-20 03:32:14  INFO      
meta.pkl saved: /Users/jiashenwang/Desktop/Lucas_Systems_Capstone_Project/Model_Jiashen/incremental_eval_artifacts_wc30/n_0003/models/OE/meta.pkl
2026-04-20 03:32:14  INFO      
============================================================
2026-04-20 03:32:14  INFO      TRAINING COMPLETE — OE
2026-04-20 03:32:14  INFO      ============================================================
2026-04-20 03:32:14  INFO        WorkCodes trained:  ['30']
2026-04-20 03:32:14  INFO        sequenced:          False
2026-04-20 03:32:14  INFO        Trees per model:    1200
2026-04-20 03:32:14  INFO      ============================================================
2026-04-20 03:32:19  INFO      Logging to logs/OE/model_training_2026-04-20.log
2026-04-20 03:32:19  INFO      ============================================================
2026-04-20 03:32:19  INFO      MODEL TRAINING — OE
2026-04-20 03:32:19  INFO        sequenced  = False
2026-04-20 03:32:19  INFO        trees      = 1200
2026-04-20 03:32:19  INFO        min_rows   = 500
2026-04-20 03:32:19  INFO        min_days   = 3
2026-04-20 03:32:19  INFO        cv_tuning  = False
2026-04-20 03:32:19  INFO      ============================================================
2026-04-20 03:32:19  INFO      WorkCodes found: ['30']
2026-04-20 03:32:19  INFO      
--------------------------------------------------
2026-04-20 03:32:19  INFO      WorkCode 30
2026-04-20 03:32:19  INFO        Encodings computed from 32,830 rows (WC 30, sequenced=False)
2026-04-20 03:32:19  INFO        Rows: 32,830
2026-04-20 03:32:19  INFO        Estimating worker effects ...
2026-04-20 03:32:19  INFO        1 worker(s) with < 10 picks assigned effect = 0.0
2026-04-20 03:32:19  INFO        CV disabled — training with baseline params (rounds=1200).
2026-04-20 03:32:21  INFO        Done in 1.9s
2026-04-20 03:32:21  INFO        Model saved: /Users/jiashenwang/Desktop/Lucas_Systems_Capstone_Project/Model_Jiashen/incremental_eval_artifacts_wc30/n_0004/models/OE/OE_WC30.json
2026-04-20 03:32:21  INFO        Workers: 33  |  Levels — L1: 7  L2: 6  L3: 7  L4: 6  L5: 7  |  Days seen: 4
2026-04-20 03:32:21  INFO      
meta.pkl saved: /Users/jiashenwang/Desktop/Lucas_Systems_Capstone_Project/Model_Jiashen/incremental_eval_artifacts_wc30/n_0004/models/OE/meta.pkl
2026-04-20 03:32:21  INFO      
============================================================
2026-04-20 03:32:21  INFO      TRAINING COMPLETE — OE
2026-04-20 03:32:21  INFO      ============================================================
2026-04-20 03:32:21  INFO        WorkCodes trained:  ['30']
2026-04-20 03:32:21  INFO        sequenced:          False
2026-04-20 03:32:21  INFO        Trees per model:    1200
2026-04-20 03:32:21  INFO      ============================================================
2026-04-20 03:32:26  INFO      Logging to logs/OE/model_training_2026-04-20.log
2026-04-20 03:32:26  INFO      ============================================================
2026-04-20 03:32:26  INFO      MODEL TRAINING — OE
2026-04-20 03:32:26  INFO        sequenced  = False
2026-04-20 03:32:26  INFO        trees      = 1200
2026-04-20 03:32:26  INFO        min_rows   = 500
2026-04-20 03:32:26  INFO        min_days   = 3
2026-04-20 03:32:26  INFO        cv_tuning  = False
2026-04-20 03:32:26  INFO      ============================================================
2026-04-20 03:32:26  INFO      WorkCodes found: ['30']
2026-04-20 03:32:26  INFO      
--------------------------------------------------
2026-04-20 03:32:26  INFO      WorkCode 30
2026-04-20 03:32:26  INFO        Encodings computed from 40,124 rows (WC 30, sequenced=False)
2026-04-20 03:32:26  INFO        Rows: 40,124
2026-04-20 03:32:26  INFO        Estimating worker effects ...
2026-04-20 03:32:26  INFO        1 worker(s) with < 10 picks assigned effect = 0.0
2026-04-20 03:32:26  INFO        CV disabled — training with baseline params (rounds=1200).
2026-04-20 03:32:28  INFO        Done in 1.9s
2026-04-20 03:32:28  INFO        Model saved: /Users/jiashenwang/Desktop/Lucas_Systems_Capstone_Project/Model_Jiashen/incremental_eval_artifacts_wc30/n_0005/models/OE/OE_WC30.json
2026-04-20 03:32:28  INFO        Workers: 33  |  Levels — L1: 7  L2: 6  L3: 7  L4: 6  L5: 7  |  Days seen: 5
2026-04-20 03:32:28  INFO      
meta.pkl saved: /Users/jiashenwang/Desktop/Lucas_Systems_Capstone_Project/Model_Jiashen/incremental_eval_artifacts_wc30/n_0005/models/OE/meta.pkl
2026-04-20 03:32:28  INFO      
============================================================
2026-04-20 03:32:28  INFO      TRAINING COMPLETE — OE
2026-04-20 03:32:28  INFO      ============================================================
2026-04-20 03:32:28  INFO        WorkCodes trained:  ['30']
2026-04-20 03:32:28  INFO        sequenced:          False
2026-04-20 03:32:28  INFO        Trees per model:    1200
2026-04-20 03:32:28  INFO      ============================================================
2026-04-20 03:32:33  INFO      Logging to logs/OE/model_training_2026-04-20.log
2026-04-20 03:32:33  INFO      ============================================================
2026-04-20 03:32:33  INFO      MODEL TRAINING — OE
2026-04-20 03:32:33  INFO        sequenced  = False
2026-04-20 03:32:33  INFO        trees      = 1200
2026-04-20 03:32:33  INFO        min_rows   = 500
2026-04-20 03:32:33  INFO        min_days   = 3
2026-04-20 03:32:33  INFO        cv_tuning  = False
2026-04-20 03:32:33  INFO      ============================================================
2026-04-20 03:32:33  INFO      WorkCodes found: ['30']
2026-04-20 03:32:33  INFO      
--------------------------------------------------
2026-04-20 03:32:33  INFO      WorkCode 30
2026-04-20 03:32:33  INFO        Encodings computed from 48,517 rows (WC 30, sequenced=False)
2026-04-20 03:32:33  INFO        Rows: 48,517
2026-04-20 03:32:33  INFO        Estimating worker effects ...
2026-04-20 03:32:33  INFO        1 worker(s) with < 10 picks assigned effect = 0.0
2026-04-20 03:32:33  INFO        CV disabled — training with baseline params (rounds=1200).
2026-04-20 03:32:36  INFO        Done in 2.3s
2026-04-20 03:32:36  INFO        Model saved: /Users/jiashenwang/Desktop/Lucas_Systems_Capstone_Project/Model_Jiashen/incremental_eval_artifacts_wc30/n_0006/models/OE/OE_WC30.json
2026-04-20 03:32:36  INFO        Workers: 35  |  Levels — L1: 7  L2: 7  L3: 7  L4: 7  L5: 7  |  Days seen: 6
2026-04-20 03:32:36  INFO      
meta.pkl saved: /Users/jiashenwang/Desktop/Lucas_Systems_Capstone_Project/Model_Jiashen/incremental_eval_artifacts_wc30/n_0006/models/OE/meta.pkl
2026-04-20 03:32:36  INFO      
============================================================
2026-04-20 03:32:36  INFO      TRAINING COMPLETE — OE
2026-04-20 03:32:36  INFO      ============================================================
2026-04-20 03:32:36  INFO        WorkCodes trained:  ['30']
2026-04-20 03:32:36  INFO        sequenced:          False
2026-04-20 03:32:36  INFO        Trees per model:    1200
2026-04-20 03:32:36  INFO      ============================================================
