2026-04-15 01:38:08  INFO      Logging to logs/OE/predict_primary_2026-04-15.log
2026-04-15 01:38:08  INFO      ============================================================
2026-04-15 01:38:08  INFO      PREDICT PRIMARY — OE
2026-04-15 01:38:08  INFO        input:      /Users/betsyfrdmn/Downloads/new_predict.csv
2026-04-15 01:38:08  INFO        sequenced:  False
2026-04-15 01:38:08  INFO        user_level: grand mean
2026-04-15 01:38:08  INFO      ============================================================
2026-04-15 01:38:08  INFO        WorkCode detected: 30
2026-04-15 01:38:08  INFO        Tasks: 34
2026-04-15 01:38:08  INFO        No user level supplied — using grand mean (effect = 0.0)
2026-04-15 01:38:08  INFO      
  Tasks:              34
2026-04-15 01:38:08  INFO        Predicted total:    1697.2s  (28.29 min)
2026-04-15 01:38:08  INFO      
  Output saved: predict_data/OE/OE_30_prediction.csv
2026-04-15 01:38:08  INFO      ============================================================
2026-04-15 01:38:21  INFO      Logging to logs/OE/predict_primary_2026-04-15.log
2026-04-15 01:38:21  INFO      ============================================================
2026-04-15 01:38:21  INFO      PREDICT PRIMARY — OE
2026-04-15 01:38:21  INFO        input:      /Users/betsyfrdmn/Downloads/new_predict.csv
2026-04-15 01:38:21  INFO        sequenced:  False
2026-04-15 01:38:21  INFO        user_level: 2
2026-04-15 01:38:21  INFO      ============================================================
2026-04-15 01:38:21  INFO        WorkCode detected: 30
2026-04-15 01:38:21  INFO        Tasks: 34
2026-04-15 01:38:21  INFO        User level 2 → worker_effect = +13.593s
2026-04-15 01:38:21  INFO      
  Tasks:              34
2026-04-15 01:38:21  INFO        Predicted total:    2055.8s  (34.26 min)
2026-04-15 01:38:21  INFO      
  Output saved: predict_data/OE/OE_30_prediction.csv
2026-04-15 01:38:21  INFO      ============================================================
2026-04-15 01:39:59  INFO      Logging to logs/OE/predict_primary_2026-04-15.log
2026-04-15 01:39:59  INFO      ============================================================
2026-04-15 01:39:59  INFO      PREDICT PRIMARY — OE
2026-04-15 01:39:59  INFO        input:      /Users/betsyfrdmn/Downloads/new_predict.csv
2026-04-15 01:39:59  INFO        sequenced:  False
2026-04-15 01:39:59  INFO        user_level: 2
2026-04-15 01:39:59  INFO      ============================================================
2026-04-15 01:39:59  INFO        WorkCode detected: 30
2026-04-15 01:39:59  INFO        Tasks: 34
2026-04-15 01:39:59  INFO        User level 2 → worker_effect = +13.593s
2026-04-15 01:39:59  INFO      
  Tasks:              34
2026-04-15 01:39:59  INFO        Predicted total:    2055.8s  (34.26 min)
2026-04-15 01:39:59  INFO      
  Output saved: predict_data/OE/OE_30_prediction.csv
2026-04-15 01:39:59  INFO      ============================================================
2026-04-15 01:40:03  INFO      Logging to logs/OE/predict_primary_2026-04-15.log
2026-04-15 01:40:03  INFO      ============================================================
2026-04-15 01:40:03  INFO      PREDICT PRIMARY — OE
2026-04-15 01:40:03  INFO        input:      /Users/betsyfrdmn/Downloads/new_predict.csv
2026-04-15 01:40:03  INFO        sequenced:  False
2026-04-15 01:40:03  INFO        user_level: 5
2026-04-15 01:40:03  INFO      ============================================================
2026-04-15 01:40:03  INFO        WorkCode detected: 30
2026-04-15 01:40:03  INFO        Tasks: 34
2026-04-15 01:40:03  INFO        User level 5 → worker_effect = -34.968s
2026-04-15 01:40:03  INFO      
  Tasks:              34
2026-04-15 01:40:03  INFO        Predicted total:    1239.1s  (20.65 min)
2026-04-15 01:40:03  INFO      
  Output saved: predict_data/OE/OE_30_prediction.csv
2026-04-15 01:40:03  INFO      ============================================================
2026-04-15 01:41:50  INFO      Logging to logs/OE/predict_primary_2026-04-15.log
2026-04-15 01:41:50  INFO      ============================================================
2026-04-15 01:41:50  INFO      PREDICT PRIMARY — OE
2026-04-15 01:41:50  INFO        input:      /Users/betsyfrdmn/Downloads/new_predict.csv
2026-04-15 01:41:50  INFO        sequenced:  False
2026-04-15 01:41:50  INFO        user_level: 5
2026-04-15 01:41:50  INFO      ============================================================
2026-04-15 01:41:50  INFO        WorkCode detected: 30
2026-04-15 01:41:50  INFO        Tasks: 34
2026-04-15 01:41:50  INFO        User level 5 → worker_effect = -34.968s
2026-04-15 01:41:50  INFO      
  Tasks:              34
2026-04-15 01:41:50  INFO        Predicted total:    1239.1s  (20.65 min)
2026-04-15 01:41:50  INFO      
  Output saved: predict_data/OE/OE_30_prediction.csv
2026-04-15 01:41:50  INFO      ============================================================
2026-04-15 01:41:54  INFO      Logging to logs/OE/predict_primary_2026-04-15.log
2026-04-15 01:41:54  INFO      ============================================================
2026-04-15 01:41:54  INFO      PREDICT PRIMARY — OE
2026-04-15 01:41:54  INFO        input:      /Users/betsyfrdmn/Downloads/new_predict.csv
2026-04-15 01:41:54  INFO        sequenced:  False
2026-04-15 01:41:54  INFO        user_level: 1
2026-04-15 01:41:54  INFO      ============================================================
2026-04-15 01:41:54  INFO        WorkCode detected: 30
2026-04-15 01:41:54  INFO        Tasks: 34
2026-04-15 01:41:54  INFO        User level 1 → worker_effect = +49.100s
2026-04-15 01:41:54  INFO      
  Tasks:              34
2026-04-15 01:41:54  INFO        Predicted total:    2407.4s  (40.12 min)
2026-04-15 01:41:54  INFO      
  Output saved: predict_data/OE/OE_30_prediction.csv
2026-04-15 01:41:54  INFO      ============================================================
