2026-04-18 18:56:19  INFO      Logging to logs/OE/update_model_2026-04-18.log
2026-04-18 18:56:19  INFO      ============================================================
2026-04-18 18:56:19  INFO      UPDATE MODEL — OE  (2026-04-18)
2026-04-18 18:56:19  INFO        new_data   = /Users/jiashenwang/Desktop/Lucas_Systems_Capstone_Project/Model_Jiashen/incremental_eval_artifacts/n_0001/update_day_2025-09-09.csv
2026-04-18 18:56:19  INFO        trees/run  = 150  |  lr = 0.005
2026-04-18 18:56:19  INFO        alert_pct  = 20%
2026-04-18 18:56:19  INFO        sequenced  = False
2026-04-18 18:56:19  INFO      ============================================================
2026-04-18 18:56:19  INFO      
--------------------------------------------------
2026-04-18 18:56:19  INFO      WorkCode 10
2026-04-18 18:56:19  INFO       [OE WC10 new data] Time filter: 8,967 → 8,787 rows kept (p98 cut: -180, 600s cap: -0, total dropped: 180 = 2.0%)
2026-04-18 18:56:19  INFO        New rows: 807
2026-04-18 18:56:19  INFO        New workers: ['323', '435', '444', '461', '476', '497', '498', '499'] — estimating effects
2026-04-18 18:56:19  INFO        1 worker(s) with < 10 picks assigned effect = 0.0
2026-04-18 18:56:19  INFO        MAE before: 67.698s  |  Trees: 1200
2026-04-18 18:56:19  INFO        MAE after:  57.073s ↓  |  Trees: 1200 → 1350 (+150)
2026-04-18 18:56:19  INFO        Baseline MAE set: 67.698s (first update run)
2026-04-18 18:56:19  INFO        Trend: 2026-04-18 57.073s
2026-04-18 18:56:19  INFO      
--------------------------------------------------
2026-04-18 18:56:19  INFO      WorkCode 20
2026-04-18 18:56:20  INFO       [OE WC20 new data] Time filter: 8,967 → 8,787 rows kept (p98 cut: -180, 600s cap: -0, total dropped: 180 = 2.0%)
2026-04-18 18:56:20  INFO        New rows: 1,998
2026-04-18 18:56:20  INFO        New workers: ['444', '498', '499'] — estimating effects
2026-04-18 18:56:20  INFO        1 worker(s) with < 10 picks assigned effect = 0.0
2026-04-18 18:56:20  INFO        MAE before: 55.917s  |  Trees: 1200
2026-04-18 18:56:20  INFO        MAE after:  53.826s ↓  |  Trees: 1200 → 1350 (+150)
2026-04-18 18:56:20  INFO        Baseline MAE set: 55.917s (first update run)
2026-04-18 18:56:20  INFO        Trend: 2026-04-18 53.826s
2026-04-18 18:56:20  INFO      
--------------------------------------------------
2026-04-18 18:56:20  INFO      WorkCode 30
2026-04-18 18:56:20  INFO       [OE WC30 new data] Time filter: 8,967 → 8,787 rows kept (p98 cut: -180, 600s cap: -0, total dropped: 180 = 2.0%)
2026-04-18 18:56:20  INFO        New rows: 5,982
2026-04-18 18:56:20  INFO        New workers: ['322', '434', '444', '461', '473', '498'] — estimating effects
2026-04-18 18:56:20  INFO        1 worker(s) with < 10 picks assigned effect = 0.0
2026-04-18 18:56:20  INFO        MAE before: 36.501s  |  Trees: 1200
2026-04-18 18:56:20  INFO        MAE after:  36.371s ↓  |  Trees: 1200 → 1350 (+150)
2026-04-18 18:56:20  INFO        Baseline MAE set: 36.501s (first update run)
2026-04-18 18:56:20  INFO        Trend: 2026-04-18 36.371s
2026-04-18 18:56:20  INFO      
============================================================
2026-04-18 18:56:20  INFO      UPDATE COMPLETE — OE  (2026-04-18)
2026-04-18 18:56:20  INFO      ============================================================
2026-04-18 18:56:20  INFO        WorkCodes updated:  ['10', '20', '30']
2026-04-18 18:56:20  INFO        New workers added:  17
2026-04-18 18:56:20  INFO        Trees added/WC:     150  (lr=0.005)
2026-04-18 18:56:20  INFO      ============================================================
2026-04-18 18:56:27  INFO      Logging to logs/OE/update_model_2026-04-18.log
2026-04-18 18:56:27  INFO      ============================================================
2026-04-18 18:56:27  INFO      UPDATE MODEL — OE  (2026-04-18)
2026-04-18 18:56:27  INFO        new_data   = /Users/jiashenwang/Desktop/Lucas_Systems_Capstone_Project/Model_Jiashen/incremental_eval_artifacts/n_0002/update_day_2025-11-10.csv
2026-04-18 18:56:27  INFO        trees/run  = 150  |  lr = 0.005
2026-04-18 18:56:27  INFO        alert_pct  = 20%
2026-04-18 18:56:27  INFO        sequenced  = False
2026-04-18 18:56:27  INFO      ============================================================
2026-04-18 18:56:27  INFO      
--------------------------------------------------
2026-04-18 18:56:27  INFO      WorkCode 10
2026-04-18 18:56:27  INFO       [OE WC10 new data] Time filter: 14,126 → 13,843 rows kept (p98 cut: -283, 600s cap: -0, total dropped: 283 = 2.0%)
2026-04-18 18:56:27  INFO        New rows: 422
2026-04-18 18:56:27  INFO        New workers: ['64'] — estimating effects
2026-04-18 18:56:27  WARNING   Fewer than 2 unique workers — returning zero effects.
2026-04-18 18:56:27  INFO        MAE before: 78.046s  |  Trees: 1200
2026-04-18 18:56:27  INFO        MAE after:  65.002s ↓  |  Trees: 1200 → 1350 (+150)
2026-04-18 18:56:27  INFO        Baseline MAE set: 78.046s (first update run)
2026-04-18 18:56:27  INFO        Trend: 2026-04-18 65.002s
2026-04-18 18:56:27  INFO      
--------------------------------------------------
2026-04-18 18:56:27  INFO      WorkCode 20
2026-04-18 18:56:27  INFO       [OE WC20 new data] Time filter: 14,126 → 13,843 rows kept (p98 cut: -283, 600s cap: -0, total dropped: 283 = 2.0%)
2026-04-18 18:56:27  INFO        New rows: 3,461
2026-04-18 18:56:27  INFO        New workers: ['434', '461', '64'] — estimating effects
2026-04-18 18:56:27  INFO        MAE before: 59.609s  |  Trees: 1200
2026-04-18 18:56:28  INFO        MAE after:  55.197s ↓  |  Trees: 1200 → 1350 (+150)
2026-04-18 18:56:28  INFO        Baseline MAE set: 59.609s (first update run)
2026-04-18 18:56:28  INFO        Trend: 2026-04-18 55.197s
2026-04-18 18:56:28  INFO      
--------------------------------------------------
2026-04-18 18:56:28  INFO      WorkCode 30
2026-04-18 18:56:28  INFO       [OE WC30 new data] Time filter: 14,126 → 13,843 rows kept (p98 cut: -283, 600s cap: -0, total dropped: 283 = 2.0%)
2026-04-18 18:56:28  INFO        New rows: 9,960
2026-04-18 18:56:28  INFO        New workers: ['217', '323'] — estimating effects
2026-04-18 18:56:28  WARNING   Fewer than 2 workers with >= 10 picks — returning zero effects for all.
2026-04-18 18:56:28  INFO        MAE before: 34.089s  |  Trees: 1200
2026-04-18 18:56:28  INFO        MAE after:  32.327s ↓  |  Trees: 1200 → 1350 (+150)
2026-04-18 18:56:28  INFO        Baseline MAE set: 34.089s (first update run)
2026-04-18 18:56:28  INFO        Trend: 2026-04-18 32.327s
2026-04-18 18:56:28  INFO      
============================================================
2026-04-18 18:56:28  INFO      UPDATE COMPLETE — OE  (2026-04-18)
2026-04-18 18:56:28  INFO      ============================================================
2026-04-18 18:56:28  INFO        WorkCodes updated:  ['10', '20', '30']
2026-04-18 18:56:28  INFO        New workers added:  6
2026-04-18 18:56:28  INFO        Trees added/WC:     150  (lr=0.005)
2026-04-18 18:56:28  INFO      ============================================================
2026-04-18 18:56:34  INFO      Logging to logs/OE/update_model_2026-04-18.log
2026-04-18 18:56:34  INFO      ============================================================
2026-04-18 18:56:34  INFO      UPDATE MODEL — OE  (2026-04-18)
2026-04-18 18:56:34  INFO        new_data   = /Users/jiashenwang/Desktop/Lucas_Systems_Capstone_Project/Model_Jiashen/incremental_eval_artifacts/n_0003/update_day_2025-11-11.csv
2026-04-18 18:56:34  INFO        trees/run  = 150  |  lr = 0.005
2026-04-18 18:56:34  INFO        alert_pct  = 20%
2026-04-18 18:56:34  INFO        sequenced  = False
2026-04-18 18:56:34  INFO      ============================================================
2026-04-18 18:56:34  INFO      
--------------------------------------------------
2026-04-18 18:56:34  INFO      WorkCode 10
2026-04-18 18:56:34  INFO       [OE WC10 new data] Time filter: 9,612 → 9,419 rows kept (p98 cut: -193, 600s cap: -0, total dropped: 193 = 2.0%)
2026-04-18 18:56:34  INFO        New rows: 618
2026-04-18 18:56:34  INFO        All 12 workers seen in training
2026-04-18 18:56:34  INFO        MAE before: 68.477s  |  Trees: 1200
2026-04-18 18:56:35  INFO        MAE after:  58.143s ↓  |  Trees: 1200 → 1350 (+150)
2026-04-18 18:56:35  INFO        Baseline MAE set: 68.477s (first update run)
2026-04-18 18:56:35  INFO        Trend: 2026-04-18 58.143s
2026-04-18 18:56:35  INFO      
--------------------------------------------------
2026-04-18 18:56:35  INFO      WorkCode 20
2026-04-18 18:56:35  INFO       [OE WC20 new data] Time filter: 9,612 → 9,419 rows kept (p98 cut: -193, 600s cap: -0, total dropped: 193 = 2.0%)
2026-04-18 18:56:35  INFO        New rows: 2,048
2026-04-18 18:56:35  INFO        All 11 workers seen in training
2026-04-18 18:56:35  INFO        MAE before: 54.195s  |  Trees: 1200
2026-04-18 18:56:35  INFO        MAE after:  52.460s ↓  |  Trees: 1200 → 1350 (+150)
2026-04-18 18:56:35  INFO        Baseline MAE set: 54.195s (first update run)
2026-04-18 18:56:35  INFO        Trend: 2026-04-18 52.460s
2026-04-18 18:56:35  INFO      
--------------------------------------------------
2026-04-18 18:56:35  INFO      WorkCode 30
2026-04-18 18:56:35  INFO       [OE WC30 new data] Time filter: 9,612 → 9,419 rows kept (p98 cut: -193, 600s cap: -0, total dropped: 193 = 2.0%)
2026-04-18 18:56:35  INFO        New rows: 6,753
2026-04-18 18:56:35  INFO        All 28 workers seen in training
2026-04-18 18:56:35  INFO        MAE before: 34.607s  |  Trees: 1200
2026-04-18 18:56:35  INFO        MAE after:  33.236s ↓  |  Trees: 1200 → 1350 (+150)
2026-04-18 18:56:35  INFO        Baseline MAE set: 34.607s (first update run)
2026-04-18 18:56:35  INFO        Trend: 2026-04-18 33.236s
2026-04-18 18:56:35  INFO      
============================================================
2026-04-18 18:56:35  INFO      UPDATE COMPLETE — OE  (2026-04-18)
2026-04-18 18:56:35  INFO      ============================================================
2026-04-18 18:56:35  INFO        WorkCodes updated:  ['10', '20', '30']
2026-04-18 18:56:35  INFO        New workers added:  0
2026-04-18 18:56:35  INFO        Trees added/WC:     150  (lr=0.005)
2026-04-18 18:56:35  INFO      ============================================================
2026-04-18 18:56:42  INFO      Logging to logs/OE/update_model_2026-04-18.log
2026-04-18 18:56:42  INFO      ============================================================
2026-04-18 18:56:42  INFO      UPDATE MODEL — OE  (2026-04-18)
2026-04-18 18:56:42  INFO        new_data   = /Users/jiashenwang/Desktop/Lucas_Systems_Capstone_Project/Model_Jiashen/incremental_eval_artifacts/n_0004/update_day_2025-11-12.csv
2026-04-18 18:56:42  INFO        trees/run  = 150  |  lr = 0.005
2026-04-18 18:56:42  INFO        alert_pct  = 20%
2026-04-18 18:56:42  INFO        sequenced  = False
2026-04-18 18:56:42  INFO      ============================================================
2026-04-18 18:56:42  INFO      
--------------------------------------------------
2026-04-18 18:56:42  INFO      WorkCode 10
2026-04-18 18:56:42  INFO       [OE WC10 new data] Time filter: 10,207 → 10,002 rows kept (p98 cut: -205, 600s cap: -0, total dropped: 205 = 2.0%)
2026-04-18 18:56:42  INFO        New rows: 550
2026-04-18 18:56:42  INFO        All 9 workers seen in training
2026-04-18 18:56:42  INFO        MAE before: 71.695s  |  Trees: 1200
2026-04-18 18:56:42  INFO        MAE after:  62.939s ↓  |  Trees: 1200 → 1350 (+150)
2026-04-18 18:56:42  INFO        Baseline MAE set: 71.695s (first update run)
2026-04-18 18:56:42  INFO        Trend: 2026-04-18 62.939s
2026-04-18 18:56:42  INFO      
--------------------------------------------------
2026-04-18 18:56:42  INFO      WorkCode 20
2026-04-18 18:56:42  INFO       [OE WC20 new data] Time filter: 10,207 → 10,002 rows kept (p98 cut: -205, 600s cap: -0, total dropped: 205 = 2.0%)
2026-04-18 18:56:42  INFO        New rows: 2,302
2026-04-18 18:56:42  INFO        All 14 workers seen in training
2026-04-18 18:56:42  INFO        MAE before: 55.466s  |  Trees: 1200
2026-04-18 18:56:43  INFO        MAE after:  53.801s ↓  |  Trees: 1200 → 1350 (+150)
2026-04-18 18:56:43  INFO        Baseline MAE set: 55.466s (first update run)
2026-04-18 18:56:43  INFO        Trend: 2026-04-18 53.801s
2026-04-18 18:56:43  INFO      
--------------------------------------------------
2026-04-18 18:56:43  INFO      WorkCode 30
2026-04-18 18:56:43  INFO       [OE WC30 new data] Time filter: 10,207 → 10,002 rows kept (p98 cut: -205, 600s cap: -0, total dropped: 205 = 2.0%)
2026-04-18 18:56:43  INFO        New rows: 7,150
2026-04-18 18:56:43  INFO        All 27 workers seen in training
2026-04-18 18:56:43  INFO        MAE before: 32.663s  |  Trees: 1200
2026-04-18 18:56:43  INFO        MAE after:  31.886s ↓  |  Trees: 1200 → 1350 (+150)
2026-04-18 18:56:43  INFO        Baseline MAE set: 32.663s (first update run)
2026-04-18 18:56:43  INFO        Trend: 2026-04-18 31.886s
2026-04-18 18:56:43  INFO      
============================================================
2026-04-18 18:56:43  INFO      UPDATE COMPLETE — OE  (2026-04-18)
2026-04-18 18:56:43  INFO      ============================================================
2026-04-18 18:56:43  INFO        WorkCodes updated:  ['10', '20', '30']
2026-04-18 18:56:43  INFO        New workers added:  0
2026-04-18 18:56:43  INFO        Trees added/WC:     150  (lr=0.005)
2026-04-18 18:56:43  INFO      ============================================================
2026-04-18 18:56:50  INFO      Logging to logs/OE/update_model_2026-04-18.log
2026-04-18 18:56:50  INFO      ============================================================
2026-04-18 18:56:50  INFO      UPDATE MODEL — OE  (2026-04-18)
2026-04-18 18:56:50  INFO        new_data   = /Users/jiashenwang/Desktop/Lucas_Systems_Capstone_Project/Model_Jiashen/incremental_eval_artifacts/n_0005/update_day_2025-11-13.csv
2026-04-18 18:56:50  INFO        trees/run  = 150  |  lr = 0.005
2026-04-18 18:56:50  INFO        alert_pct  = 20%
2026-04-18 18:56:50  INFO        sequenced  = False
2026-04-18 18:56:50  INFO      ============================================================
2026-04-18 18:56:50  INFO      
--------------------------------------------------
2026-04-18 18:56:50  INFO      WorkCode 10
2026-04-18 18:56:50  INFO       [OE WC10 new data] Time filter: 11,367 → 11,139 rows kept (p98 cut: -228, 600s cap: -0, total dropped: 228 = 2.0%)
2026-04-18 18:56:50  INFO        New rows: 460
2026-04-18 18:56:50  INFO        New workers: ['502'] — estimating effects
2026-04-18 18:56:50  WARNING   Fewer than 2 unique workers — returning zero effects.
2026-04-18 18:56:50  INFO        MAE before: 69.991s  |  Trees: 1200
2026-04-18 18:56:50  INFO        MAE after:  62.733s ↓  |  Trees: 1200 → 1350 (+150)
2026-04-18 18:56:50  INFO        Baseline MAE set: 69.991s (first update run)
2026-04-18 18:56:50  INFO        Trend: 2026-04-18 62.733s
2026-04-18 18:56:50  INFO      
--------------------------------------------------
2026-04-18 18:56:50  INFO      WorkCode 20
2026-04-18 18:56:50  INFO       [OE WC20 new data] Time filter: 11,367 → 11,139 rows kept (p98 cut: -228, 600s cap: -0, total dropped: 228 = 2.0%)
2026-04-18 18:56:50  INFO        New rows: 2,442
2026-04-18 18:56:50  INFO        New workers: ['323', '502', '503'] — estimating effects
2026-04-18 18:56:50  INFO        1 worker(s) with < 10 picks assigned effect = 0.0
2026-04-18 18:56:50  INFO        MAE before: 54.119s  |  Trees: 1200
2026-04-18 18:56:50  INFO        MAE after:  51.357s ↓  |  Trees: 1200 → 1350 (+150)
2026-04-18 18:56:50  INFO        Baseline MAE set: 54.119s (first update run)
2026-04-18 18:56:50  INFO        Trend: 2026-04-18 51.357s
2026-04-18 18:56:50  INFO      
--------------------------------------------------
2026-04-18 18:56:50  INFO      WorkCode 30
2026-04-18 18:56:51  INFO       [OE WC30 new data] Time filter: 11,367 → 11,139 rows kept (p98 cut: -228, 600s cap: -0, total dropped: 228 = 2.0%)
2026-04-18 18:56:51  INFO        New rows: 8,237
2026-04-18 18:56:51  INFO        New workers: ['348', '502'] — estimating effects
2026-04-18 18:56:51  WARNING   Fewer than 2 workers with >= 10 picks — returning zero effects for all.
2026-04-18 18:56:51  INFO        MAE before: 31.989s  |  Trees: 1200
2026-04-18 18:56:51  INFO        MAE after:  30.068s ↓  |  Trees: 1200 → 1350 (+150)
2026-04-18 18:56:51  INFO        Baseline MAE set: 31.989s (first update run)
2026-04-18 18:56:51  INFO        Trend: 2026-04-18 30.068s
2026-04-18 18:56:51  INFO      
============================================================
2026-04-18 18:56:51  INFO      UPDATE COMPLETE — OE  (2026-04-18)
2026-04-18 18:56:51  INFO      ============================================================
2026-04-18 18:56:51  INFO        WorkCodes updated:  ['10', '20', '30']
2026-04-18 18:56:51  INFO        New workers added:  6
2026-04-18 18:56:51  INFO        Trees added/WC:     150  (lr=0.005)
2026-04-18 18:56:51  INFO      ============================================================
2026-04-18 18:56:58  INFO      Logging to logs/OE/update_model_2026-04-18.log
2026-04-18 18:56:58  INFO      ============================================================
2026-04-18 18:56:58  INFO      UPDATE MODEL — OE  (2026-04-18)
2026-04-18 18:56:58  INFO        new_data   = /Users/jiashenwang/Desktop/Lucas_Systems_Capstone_Project/Model_Jiashen/incremental_eval_artifacts/n_0006/update_day_2025-12-01.csv
2026-04-18 18:56:58  INFO        trees/run  = 150  |  lr = 0.005
2026-04-18 18:56:58  INFO        alert_pct  = 20%
2026-04-18 18:56:58  INFO        sequenced  = False
2026-04-18 18:56:58  INFO      ============================================================
2026-04-18 18:56:58  INFO      
--------------------------------------------------
2026-04-18 18:56:58  INFO      WorkCode 10
2026-04-18 18:56:58  INFO       [OE WC10 new data] Time filter: 14,554 → 14,262 rows kept (p98 cut: -292, 600s cap: -0, total dropped: 292 = 2.0%)
2026-04-18 18:56:58  INFO        New rows: 535
2026-04-18 18:56:58  INFO        All 7 workers seen in training
2026-04-18 18:56:58  INFO        MAE before: 62.574s  |  Trees: 1200
2026-04-18 18:56:58  INFO        MAE after:  54.273s ↓  |  Trees: 1200 → 1350 (+150)
2026-04-18 18:56:58  INFO        Baseline MAE set: 62.574s (first update run)
2026-04-18 18:56:58  INFO        Trend: 2026-04-18 54.273s
2026-04-18 18:56:58  INFO      
--------------------------------------------------
2026-04-18 18:56:58  INFO      WorkCode 20
2026-04-18 18:56:58  INFO       [OE WC20 new data] Time filter: 14,554 → 14,262 rows kept (p98 cut: -292, 600s cap: -0, total dropped: 292 = 2.0%)
2026-04-18 18:56:58  INFO        New rows: 2,985
2026-04-18 18:56:58  INFO        New workers: ['504'] — estimating effects
2026-04-18 18:56:58  WARNING   Fewer than 2 unique workers — returning zero effects.
2026-04-18 18:56:58  INFO        MAE before: 55.165s  |  Trees: 1200
2026-04-18 18:56:59  INFO        MAE after:  50.605s ↓  |  Trees: 1200 → 1350 (+150)
2026-04-18 18:56:59  INFO        Baseline MAE set: 55.165s (first update run)
2026-04-18 18:56:59  INFO        Trend: 2026-04-18 50.605s
2026-04-18 18:56:59  INFO      
--------------------------------------------------
2026-04-18 18:56:59  INFO      WorkCode 30
2026-04-18 18:56:59  INFO       [OE WC30 new data] Time filter: 14,554 → 14,262 rows kept (p98 cut: -292, 600s cap: -0, total dropped: 292 = 2.0%)
2026-04-18 18:56:59  INFO        New rows: 10,742
2026-04-18 18:56:59  INFO        New workers: ['458', '504'] — estimating effects
2026-04-18 18:56:59  INFO        MAE before: 32.480s  |  Trees: 1200
2026-04-18 18:56:59  INFO        MAE after:  31.206s ↓  |  Trees: 1200 → 1350 (+150)
2026-04-18 18:56:59  INFO        Baseline MAE set: 32.480s (first update run)
2026-04-18 18:56:59  INFO        Trend: 2026-04-18 31.206s
2026-04-18 18:56:59  INFO      
============================================================
2026-04-18 18:56:59  INFO      UPDATE COMPLETE — OE  (2026-04-18)
2026-04-18 18:56:59  INFO      ============================================================
2026-04-18 18:56:59  INFO        WorkCodes updated:  ['10', '20', '30']
2026-04-18 18:56:59  INFO        New workers added:  3
2026-04-18 18:56:59  INFO        Trees added/WC:     150  (lr=0.005)
2026-04-18 18:56:59  INFO      ============================================================
2026-04-18 23:11:07  INFO      Logging to logs/OE/update_model_2026-04-18.log
2026-04-18 23:11:07  INFO      ============================================================
2026-04-18 23:11:07  INFO      UPDATE MODEL — OE  (2026-04-18)
2026-04-18 23:11:07  INFO        new_data   = /Users/jiashenwang/Desktop/Lucas_Systems_Capstone_Project/Model_Jiashen/incremental_eval_artifacts_wc30/n_0001/update_day_2025-09-09_wc30.csv
2026-04-18 23:11:07  INFO        trees/run  = 150  |  lr = 0.005
2026-04-18 23:11:07  INFO        alert_pct  = 20%
2026-04-18 23:11:07  INFO        sequenced  = False
2026-04-18 23:11:07  INFO      ============================================================
2026-04-18 23:11:07  INFO      
--------------------------------------------------
2026-04-18 23:11:07  INFO      WorkCode 30
2026-04-18 23:11:07  INFO       [OE WC30 new data] Time filter: 6,088 → 5,966 rows kept (p98 cut: -122, 600s cap: -0, total dropped: 122 = 2.0%)
2026-04-18 23:11:07  INFO        New rows: 5,966
2026-04-18 23:11:07  INFO        New workers: ['322', '434', '444', '461', '473', '498'] — estimating effects
2026-04-18 23:11:07  INFO        1 worker(s) with < 10 picks assigned effect = 0.0
2026-04-18 23:11:07  INFO        MAE before: 35.875s  |  Trees: 1200
2026-04-18 23:11:07  INFO        MAE after:  35.469s ↓  |  Trees: 1200 → 1350 (+150)
2026-04-18 23:11:07  INFO        Baseline MAE set: 35.875s (first update run)
2026-04-18 23:11:07  INFO        Trend: 2026-04-18 35.469s
2026-04-18 23:11:07  INFO      
============================================================
2026-04-18 23:11:07  INFO      UPDATE COMPLETE — OE  (2026-04-18)
2026-04-18 23:11:07  INFO      ============================================================
2026-04-18 23:11:07  INFO        WorkCodes updated:  ['30']
2026-04-18 23:11:07  INFO        New workers added:  6
2026-04-18 23:11:07  INFO        Trees added/WC:     150  (lr=0.005)
2026-04-18 23:11:07  INFO      ============================================================
2026-04-18 23:11:10  INFO      Logging to logs/OE/update_model_2026-04-18.log
2026-04-18 23:11:10  INFO      ============================================================
2026-04-18 23:11:10  INFO      UPDATE MODEL — OE  (2026-04-18)
2026-04-18 23:11:10  INFO        new_data   = /Users/jiashenwang/Desktop/Lucas_Systems_Capstone_Project/Model_Jiashen/incremental_eval_artifacts_wc30/n_0002/update_day_2025-11-10_wc30.csv
2026-04-18 23:11:10  INFO        trees/run  = 150  |  lr = 0.005
2026-04-18 23:11:10  INFO        alert_pct  = 20%
2026-04-18 23:11:10  INFO        sequenced  = False
2026-04-18 23:11:10  INFO      ============================================================
2026-04-18 23:11:10  INFO      
--------------------------------------------------
2026-04-18 23:11:10  INFO      WorkCode 30
2026-04-18 23:11:10  INFO       [OE WC30 new data] Time filter: 10,155 → 9,951 rows kept (p98 cut: -204, 600s cap: -0, total dropped: 204 = 2.0%)
2026-04-18 23:11:10  INFO        New rows: 9,951
2026-04-18 23:11:10  INFO        New workers: ['217', '323'] — estimating effects
2026-04-18 23:11:10  WARNING   Fewer than 2 workers with >= 10 picks — returning zero effects for all.
2026-04-18 23:11:11  INFO        MAE before: 33.726s  |  Trees: 1200
2026-04-18 23:11:11  INFO        MAE after:  31.897s ↓  |  Trees: 1200 → 1350 (+150)
2026-04-18 23:11:11  INFO        Baseline MAE set: 33.726s (first update run)
2026-04-18 23:11:11  INFO        Trend: 2026-04-18 31.897s
2026-04-18 23:11:11  INFO      
============================================================
2026-04-18 23:11:11  INFO      UPDATE COMPLETE — OE  (2026-04-18)
2026-04-18 23:11:11  INFO      ============================================================
2026-04-18 23:11:11  INFO        WorkCodes updated:  ['30']
2026-04-18 23:11:11  INFO        New workers added:  2
2026-04-18 23:11:11  INFO        Trees added/WC:     150  (lr=0.005)
2026-04-18 23:11:11  INFO      ============================================================
2026-04-18 23:11:15  INFO      Logging to logs/OE/update_model_2026-04-18.log
2026-04-18 23:11:15  INFO      ============================================================
2026-04-18 23:11:15  INFO      UPDATE MODEL — OE  (2026-04-18)
2026-04-18 23:11:15  INFO        new_data   = /Users/jiashenwang/Desktop/Lucas_Systems_Capstone_Project/Model_Jiashen/incremental_eval_artifacts_wc30/n_0003/update_day_2025-11-11_wc30.csv
2026-04-18 23:11:15  INFO        trees/run  = 150  |  lr = 0.005
2026-04-18 23:11:15  INFO        alert_pct  = 20%
2026-04-18 23:11:15  INFO        sequenced  = False
2026-04-18 23:11:15  INFO      ============================================================
2026-04-18 23:11:15  INFO      
--------------------------------------------------
2026-04-18 23:11:15  INFO      WorkCode 30
2026-04-18 23:11:15  INFO       [OE WC30 new data] Time filter: 6,866 → 6,728 rows kept (p98 cut: -138, 600s cap: -0, total dropped: 138 = 2.0%)
2026-04-18 23:11:15  INFO        New rows: 6,728
2026-04-18 23:11:15  INFO        All 28 workers seen in training
2026-04-18 23:11:15  INFO        MAE before: 33.323s  |  Trees: 1200
2026-04-18 23:11:15  INFO        MAE after:  31.771s ↓  |  Trees: 1200 → 1350 (+150)
2026-04-18 23:11:15  INFO        Baseline MAE set: 33.323s (first update run)
2026-04-18 23:11:15  INFO        Trend: 2026-04-18 31.770s
2026-04-18 23:11:15  INFO      
============================================================
2026-04-18 23:11:15  INFO      UPDATE COMPLETE — OE  (2026-04-18)
2026-04-18 23:11:15  INFO      ============================================================
2026-04-18 23:11:15  INFO        WorkCodes updated:  ['30']
2026-04-18 23:11:15  INFO        New workers added:  0
2026-04-18 23:11:15  INFO        Trees added/WC:     150  (lr=0.005)
2026-04-18 23:11:15  INFO      ============================================================
2026-04-18 23:11:19  INFO      Logging to logs/OE/update_model_2026-04-18.log
2026-04-18 23:11:19  INFO      ============================================================
2026-04-18 23:11:19  INFO      UPDATE MODEL — OE  (2026-04-18)
2026-04-18 23:11:19  INFO        new_data   = /Users/jiashenwang/Desktop/Lucas_Systems_Capstone_Project/Model_Jiashen/incremental_eval_artifacts_wc30/n_0004/update_day_2025-11-12_wc30.csv
2026-04-18 23:11:19  INFO        trees/run  = 150  |  lr = 0.005
2026-04-18 23:11:19  INFO        alert_pct  = 20%
2026-04-18 23:11:19  INFO        sequenced  = False
2026-04-18 23:11:19  INFO      ============================================================
2026-04-18 23:11:19  INFO      
--------------------------------------------------
2026-04-18 23:11:19  INFO      WorkCode 30
2026-04-18 23:11:19  INFO       [OE WC30 new data] Time filter: 7,267 → 7,121 rows kept (p98 cut: -146, 600s cap: -0, total dropped: 146 = 2.0%)
2026-04-18 23:11:19  INFO        New rows: 7,121
2026-04-18 23:11:19  INFO        All 27 workers seen in training
2026-04-18 23:11:19  INFO        MAE before: 31.185s  |  Trees: 1200
2026-04-18 23:11:20  INFO        MAE after:  30.212s ↓  |  Trees: 1200 → 1350 (+150)
2026-04-18 23:11:20  INFO        Baseline MAE set: 31.185s (first update run)
2026-04-18 23:11:20  INFO        Trend: 2026-04-18 30.212s
2026-04-18 23:11:20  INFO      
============================================================
2026-04-18 23:11:20  INFO      UPDATE COMPLETE — OE  (2026-04-18)
2026-04-18 23:11:20  INFO      ============================================================
2026-04-18 23:11:20  INFO        WorkCodes updated:  ['30']
2026-04-18 23:11:20  INFO        New workers added:  0
2026-04-18 23:11:20  INFO        Trees added/WC:     150  (lr=0.005)
2026-04-18 23:11:20  INFO      ============================================================
2026-04-18 23:11:24  INFO      Logging to logs/OE/update_model_2026-04-18.log
2026-04-18 23:11:24  INFO      ============================================================
2026-04-18 23:11:24  INFO      UPDATE MODEL — OE  (2026-04-18)
2026-04-18 23:11:24  INFO        new_data   = /Users/jiashenwang/Desktop/Lucas_Systems_Capstone_Project/Model_Jiashen/incremental_eval_artifacts_wc30/n_0005/update_day_2025-11-13_wc30.csv
2026-04-18 23:11:24  INFO        trees/run  = 150  |  lr = 0.005
2026-04-18 23:11:24  INFO        alert_pct  = 20%
2026-04-18 23:11:24  INFO        sequenced  = False
2026-04-18 23:11:24  INFO      ============================================================
2026-04-18 23:11:24  INFO      
--------------------------------------------------
2026-04-18 23:11:24  INFO      WorkCode 30
2026-04-18 23:11:24  INFO       [OE WC30 new data] Time filter: 8,366 → 8,198 rows kept (p98 cut: -168, 600s cap: -0, total dropped: 168 = 2.0%)
2026-04-18 23:11:24  INFO        New rows: 8,198
2026-04-18 23:11:24  INFO        New workers: ['348', '502'] — estimating effects
2026-04-18 23:11:24  WARNING   Fewer than 2 workers with >= 10 picks — returning zero effects for all.
2026-04-18 23:11:24  INFO        MAE before: 30.562s  |  Trees: 1200
2026-04-18 23:11:24  INFO        MAE after:  28.493s ↓  |  Trees: 1200 → 1350 (+150)
2026-04-18 23:11:24  INFO        Baseline MAE set: 30.562s (first update run)
2026-04-18 23:11:24  INFO        Trend: 2026-04-18 28.492s
2026-04-18 23:11:24  INFO      
============================================================
2026-04-18 23:11:24  INFO      UPDATE COMPLETE — OE  (2026-04-18)
2026-04-18 23:11:24  INFO      ============================================================
2026-04-18 23:11:24  INFO        WorkCodes updated:  ['30']
2026-04-18 23:11:24  INFO        New workers added:  2
2026-04-18 23:11:24  INFO        Trees added/WC:     150  (lr=0.005)
2026-04-18 23:11:24  INFO      ============================================================
2026-04-18 23:11:29  INFO      Logging to logs/OE/update_model_2026-04-18.log
2026-04-18 23:11:29  INFO      ============================================================
2026-04-18 23:11:29  INFO      UPDATE MODEL — OE  (2026-04-18)
2026-04-18 23:11:29  INFO        new_data   = /Users/jiashenwang/Desktop/Lucas_Systems_Capstone_Project/Model_Jiashen/incremental_eval_artifacts_wc30/n_0006/update_day_2025-12-01_wc30.csv
2026-04-18 23:11:29  INFO        trees/run  = 150  |  lr = 0.005
2026-04-18 23:11:29  INFO        alert_pct  = 20%
2026-04-18 23:11:29  INFO        sequenced  = False
2026-04-18 23:11:29  INFO      ============================================================
2026-04-18 23:11:29  INFO      
--------------------------------------------------
2026-04-18 23:11:29  INFO      WorkCode 30
2026-04-18 23:11:29  INFO       [OE WC30 new data] Time filter: 10,928 → 10,709 rows kept (p98 cut: -219, 600s cap: -0, total dropped: 219 = 2.0%)
2026-04-18 23:11:29  INFO        New rows: 10,709
2026-04-18 23:11:29  INFO        New workers: ['458', '504'] — estimating effects
2026-04-18 23:11:29  INFO        MAE before: 31.393s  |  Trees: 1200
2026-04-18 23:11:29  INFO        MAE after:  29.872s ↓  |  Trees: 1200 → 1350 (+150)
2026-04-18 23:11:29  INFO        Baseline MAE set: 31.393s (first update run)
2026-04-18 23:11:29  INFO        Trend: 2026-04-18 29.872s
2026-04-18 23:11:29  INFO      
============================================================
2026-04-18 23:11:29  INFO      UPDATE COMPLETE — OE  (2026-04-18)
2026-04-18 23:11:29  INFO      ============================================================
2026-04-18 23:11:29  INFO        WorkCodes updated:  ['30']
2026-04-18 23:11:29  INFO        New workers added:  2
2026-04-18 23:11:29  INFO        Trees added/WC:     150  (lr=0.005)
2026-04-18 23:11:29  INFO      ============================================================
